gradleBuild/outputs/logs/manifest-merger-debug-report.txt
-- Merging decision tree log ---
manifest
ADDED from Android/Pokedex/AndroidManifest.xml:18:1-76:12
MERGED from [org.tensorflow:tensorflow-android:1.12.0] AndroidManifest.xml:2:1-8:12
	package
		ADDED from Android/Pokedex/AndroidManifest.xml:19:5-34
	xmlns:android
		ADDED from Android/Pokedex/AndroidManifest.xml:18:11-69
uses-permission#android.permission.CAMERA
ADDED from Android/Pokedex/AndroidManifest.xml:21:5-65
	android:name
		ADDED from Android/Pokedex/AndroidManifest.xml:21:22-62
uses-feature#android.hardware.camera
ADDED from Android/Pokedex/AndroidManifest.xml:22:5-60
	android:name
		ADDED from Android/Pokedex/AndroidManifest.xml:22:19-57
uses-feature#android.hardware.camera.autofocus
ADDED from Android/Pokedex/AndroidManifest.xml:23:5-70
	android:name
		ADDED from Android/Pokedex/AndroidManifest.xml:23:19-67
uses-permission#android.permission.WRITE_EXTERNAL_STORAGE
ADDED from Android/Pokedex/AndroidManifest.xml:24:5-80
	android:name
		ADDED from Android/Pokedex/AndroidManifest.xml:24:22-78
uses-permission#android.permission.RECORD_AUDIO
ADDED from Android/Pokedex/AndroidManifest.xml:25:5-71
	android:name
		ADDED from Android/Pokedex/AndroidManifest.xml:25:22-68
uses-sdk
ADDED from Android/Pokedex/AndroidManifest.xml:27:5-47
INJECTED from Android/Pokedex/AndroidManifest.xml:27:5-47
INJECTED from Android/Pokedex/AndroidManifest.xml:27:5-47
	android:targetSdkVersion
		ADDED from Android/Pokedex/AndroidManifest.xml:27:15-44
	android:minSdkVersion
		INJECTED from Android/Pokedex/AndroidManifest.xml
		ADDED from Android/Pokedex/AndroidManifest.xml:27:5-47
		INJECTED from Android/Pokedex/AndroidManifest.xml
application
ADDED from Android/Pokedex/AndroidManifest.xml:29:5-74:19
MERGED from [org.tensorflow:tensorflow-android:1.12.0] AndroidManifest.xml:5:5-6:19
MERGED from [org.tensorflow:tensorflow-android:1.12.0] AndroidManifest.xml:5:5-6:19
	android:label
		ADDED from Android/Pokedex/AndroidManifest.xml:31:9-41
	android:debuggable
		ADDED from Android/Pokedex/AndroidManifest.xml:30:9-34
	android:icon
		ADDED from Android/Pokedex/AndroidManifest.xml:32:9-45
	android:allowBackup
		ADDED from Android/Pokedex/AndroidManifest.xml:29:18-44
	android:theme
		ADDED from Android/Pokedex/AndroidManifest.xml:33:9-45
activity#org.tensorflow.demo.DetectorActivity
ADDED from Android/Pokedex/AndroidManifest.xml:45:9-53:20
	android:screenOrientation
		ADDED from Android/Pokedex/AndroidManifest.xml:46:19-55
	android:label
		ADDED from Android/Pokedex/AndroidManifest.xml:47:19-66
	android:name
		ADDED from Android/Pokedex/AndroidManifest.xml:45:19-70
intent-filter#action:name:android.intent.action.MAIN+category:name:android.intent.category.LAUNCHER+category:name:android.intent.category.LEANBACK_LAUNCHER
ADDED from Android/Pokedex/AndroidManifest.xml:48:13-52:29
action#android.intent.action.MAIN
ADDED from Android/Pokedex/AndroidManifest.xml:49:17-69
	android:name
		ADDED from Android/Pokedex/AndroidManifest.xml:49:25-66
category#android.intent.category.LAUNCHER
ADDED from Android/Pokedex/AndroidManifest.xml:50:17-77
	android:name
		ADDED from Android/Pokedex/AndroidManifest.xml:50:27-74
category#android.intent.category.LEANBACK_LAUNCHER
ADDED from Android/Pokedex/AndroidManifest.xml:51:17-86
	android:name
		ADDED from Android/Pokedex/AndroidManifest.xml:51:27-83
uses-permission#android.permission.READ_PHONE_STATE
IMPLIED from Android/Pokedex/AndroidManifest.xml:18:1-76:12 reason: tensorflow.contrib.android has a targetSdkVersion < 4
uses-permission#android.permission.READ_EXTERNAL_STORAGE
IMPLIED from Android/Pokedex/AndroidManifest.xml:18:1-76:12 reason: tensorflow.contrib.android requested WRITE_EXTERNAL_STORAGE